<?xml version="1.0" encoding="UTF-8"?>
<!-- Generated by org.testng.reporters.JUnitReportReporter -->
<testsuite hostname="DESKTOP-ERM6LU5" failures="0" tests="1" name="org.crudresource.chaining.com.CreateCR" time="11.854" errors="0" timestamp="2023-04-16T10:57:37 IST" skipped="0">
  <testcase classname="org.crudresource.chaining.com.CreateCR" name="createChangeRequest" time="11.854"/>
  <system-out/>
</testsuite> <!-- org.crudresource.chaining.com.CreateCR -->
